<?xml version="1.0" encoding="UTF-8"?>
<testng-results skipped="0" failed="0" ignored="0" total="0" passed="0">
  <reporter-output>
  </reporter-output>
  <suite name="Default suite" duration-ms="11" started-at="2024-04-03T00:14:07 IST" finished-at="2024-04-03T00:14:07 IST">
    <groups>
    </groups>
    <test name="Default test" duration-ms="11" started-at="2024-04-03T00:14:07 IST" finished-at="2024-04-03T00:14:07 IST">
    </test> <!-- Default test -->
  </suite> <!-- Default suite -->
</testng-results>
